********************************************************************************
DUPLICATOR-LITE PACKAGE-LOG: March 18, 2019 6:17 pm
NOTICE: Do NOT post to public sites or forums 
********************************************************************************
VERSION:	1.3.10
WORDPRESS:	5.1
PHP INFO:	7.2.1 | SAPI: apache2handler
SERVER:		Apache/2.2.34 (Unix) mod_wsgi/3.5 Python/2.7.13 PHP/7.2.1 mod_ssl/2.2.34 OpenSSL/1.0.2j DAV/2 mod_fastcgi/2.4.6 mod_perl/2.0.9 Perl/v5.24.0 
PHP TIME LIMIT: (0) no time limit imposed 
PHP MAX MEMORY: 4294967296 (128M default) 
MEMORY STACK: 2MB 

********************************************************************************
DATABASE:
********************************************************************************
BUILD MODE:   PHP(query limit - 100)
MYSQLTIMEOUT: 5000
MYSQLDUMP:    Not Supported 
TABLES: total:13 | filtered:0 | create:13 
FILTERED: [] 
SQL CREATED: 20190318_atlantaunited_2d75fc3791ead8882752_20190318181711_database.sql 
SQL FILE SIZE: 624.43KB (639418) 
SQL FILE TIME: 2019-03-18 18:17:21 
SQL RUNTIME: 0.21 sec. 

******************************************************************************** 
ARCHIVE (ZIP): 
******************************************************************************** 
ARCHIVE DIR:  /Users/angelicadewit/iCloud Drive Archive/Documents/Creative Circus /Quarter Six/Pair Programming/Atlanta United 
ARCHIVE FILE: 20190318_atlantaunited_2d75fc3791ead8882752_20190318181711_archive.zip 
FILTERS: *OFF* 
DIRS:
	not set 
FILES:
	not set 
EXTS:  not set 
---------------------------------------- 
COMPRESSING 
SIZE:	201.9MB 
STATS:	Dirs 4,340 | Files 26,882 
SQL ADDED: 20190318_atlantaunited_2d75fc3791ead8882752_20190318181711_database.sql 
ZipArchive Object
(
    [status] => 0
    [statusSys] => 0
    [numFiles] => 31222
    [filename] => /Users/angelicadewit/iCloud Drive Archive/Documents/Creative Circus /Quarter Six/Pair Programming/Atlanta United/wp-snapshots/tmp/20190318_atlantaunited_2d75fc3791ead8882752_20190318181711_archive.zip
    [comment] => 
)
 
FILE ADDED TO ZIP: 31221 
COMPRESSION RESULT: '1' 
COMPRESSED SIZE: 96.01MB 
ARCHIVE RUNTIME: 50.68 sec. 
MEMORY STACK: 16.56MB 
building installer 
add_extra_files1 
add_extra_files2 
add_extra_files3 
add_extra_files4 
Doing archive file check 
add_extra_files5 
add_extra_files6 
add_extra_files8 
Successfully opened zip /Users/angelicadewit/iCloud Drive Archive/Documents/Creative Circus /Quarter Six/Pair Programming/Atlanta United/wp-snapshots/tmp/20190318_atlantaunited_2d75fc3791ead8882752_20190318181711_archive.zip 
Adding enhanced installer files to archive using ZipArchive 
Installer files added to archive 
Added to archive 
After ziparchive close when adding installer 

******************************************************************************** 
INTEGRITY CHECKS: 
******************************************************************************** 
SQL FILE: 624.43KB 
INSTALLER FILE: 207.33KB 
ARCHIVE FILE: 97.14MB  
EXPECTED FILE/DIRECTORY COUNT: 31,222 
ACTUAL FILE/DIRECTORY COUNT: 31,221 
ARCHIVE CONSISTENCY TEST: Pass 

********************************************************************************
RECORD ID:[1]
TOTAL PROCESS RUNTIME: 69.26 sec.
PEAK PHP MEMORY USED: 24.56MB
DONE PROCESSING => 20190318_atlantaunited March 18, 2019 6:18 pm
 
